\BOOKMARK [1][-]{appendix.A}{\376\377\000P\000i\000l\000o\000t\000\040\000S\000t\000u\000d\000i\000e\000s}{}% 1
\BOOKMARK [2][-]{subsection.A.1}{\376\377\000P\000i\000l\000o\000t\000\040\000S\000a\000m\000p\000l\000e\000s}{appendix.A}% 2
\BOOKMARK [3][-]{subsubsection.A.1.1}{\376\377\000P\000i\000l\000o\000t\000\040\000E\000x\000p\000e\000r\000i\000m\000e\000n\000t\000\040\0001}{subsection.A.1}% 3
\BOOKMARK [3][-]{subsubsection.A.1.2}{\376\377\000P\000i\000l\000o\000t\000\040\000E\000x\000p\000e\000r\000i\000m\000e\000n\000t\000\040\0001\000\040\000R\000e\000s\000u\000l\000t\000s}{subsection.A.1}% 4
\BOOKMARK [1][-]{appendix.B}{\376\377\000C\000o\000m\000p\000l\000i\000e\000r\000\040\000A\000v\000e\000r\000a\000g\000e\000\040\000C\000a\000u\000s\000a\000l\000\040\000E\000f\000f\000e\000c\000t\000s}{}% 5
\BOOKMARK [1][-]{appendix.C}{\376\377\000R\000e\000c\000r\000u\000i\000t\000m\000e\000n\000t\000\040\000a\000n\000d\000\040\000D\000e\000m\000o\000g\000r\000a\000p\000h\000i\000c\000\040\000I\000n\000f\000o\000r\000m\000a\000t\000i\000o\000n}{}% 6
\BOOKMARK [2][-]{subsection.C.1}{\376\377\000S\000t\000u\000d\000y\000\040\0001\000\040\000R\000e\000c\000r\000u\000i\000t\000m\000e\000n\000t\000\040\000a\000n\000d\000\040\000D\000e\000m\000o\000g\000r\000a\000p\000h\000i\000c\000\040\000I\000n\000f\000o\000r\000m\000a\000t\000i\000o\000n}{appendix.C}% 7
\BOOKMARK [2][-]{subsection.C.2}{\376\377\000S\000t\000u\000d\000y\000\040\0002\000\040\000R\000e\000c\000r\000u\000i\000t\000m\000e\000n\000t\000\040\000a\000n\000d\000\040\000D\000e\000m\000o\000g\000r\000a\000p\000h\000i\000c\000\040\000I\000n\000f\000o\000r\000m\000a\000t\000i\000o\000n}{appendix.C}% 8
\BOOKMARK [1][-]{appendix.D}{\376\377\000S\000t\000u\000d\000y\000\040\0001\000\040\000R\000o\000b\000u\000s\000t\000n\000e\000s\000s\000\040\000C\000h\000e\000c\000k\000s}{}% 9
\BOOKMARK [2][-]{subsection.D.1}{\376\377\000D\000i\000f\000f\000e\000r\000e\000n\000c\000e\000s\000\040\000i\000n\000\040\000O\000v\000e\000r\000e\000s\000t\000i\000m\000a\000t\000o\000r\000s\000\040\000a\000n\000d\000\040\000U\000n\000d\000e\000r\000e\000s\000t\000i\000m\000a\000t\000o\000r\000s}{appendix.D}% 10
\BOOKMARK [2][-]{subsection.D.2}{\376\377\000C\000o\000l\000l\000e\000c\000t\000i\000v\000e\000\040\000I\000d\000e\000n\000t\000i\000f\000i\000c\000a\000t\000i\000o\000n\000\040\000a\000n\000d\000\040\000F\000a\000i\000r\000n\000e\000s\000s\000\040\000R\000a\000t\000i\000n\000g\000s}{appendix.D}% 11
\BOOKMARK [2][-]{subsection.D.3}{\376\377\000I\000n\000t\000e\000n\000t\000\040\000t\000o\000\040\000T\000r\000e\000a\000t\000\040\000M\000o\000d\000e\000l}{appendix.D}% 12
\BOOKMARK [2][-]{subsection.D.4}{\376\377\000M\000a\000n\000i\000p\000u\000l\000a\000t\000i\000o\000n\000\040\000C\000h\000e\000c\000k}{appendix.D}% 13
\BOOKMARK [1][-]{appendix.E}{\376\377\000S\000t\000u\000d\000y\000\040\0001\000\040\000E\000x\000p\000l\000o\000r\000a\000t\000o\000r\000y\000\040\000A\000n\000a\000l\000y\000s\000e\000s}{}% 14
\BOOKMARK [2][-]{subsection.E.1}{\376\377\000P\000o\000l\000i\000t\000i\000c\000a\000l\000\040\000I\000d\000e\000o\000l\000o\000g\000y\000\040\000a\000n\000d\000\040\000E\000x\000t\000r\000e\000m\000i\000t\000y}{appendix.E}% 15
\BOOKMARK [2][-]{subsection.E.2}{\376\377\000H\000i\000g\000h\000\040\000I\000d\000e\000n\000t\000i\000f\000i\000e\000r\000s\000\040\000O\000n\000l\000y}{appendix.E}% 16
\BOOKMARK [1][-]{appendix.F}{\376\377\000S\000t\000u\000d\000y\000\040\0002\000\040\000R\000o\000b\000u\000s\000t\000n\000e\000s\000s\000\040\000C\000h\000e\000c\000k\000s}{}% 17
\BOOKMARK [2][-]{subsection.F.1}{\376\377\000I\000n\000t\000e\000n\000t\000\040\000t\000o\000\040\000T\000r\000e\000a\000t\000\040\000M\000o\000d\000e\000l}{appendix.F}% 18
\BOOKMARK [2][-]{subsection.F.2}{\376\377\000D\000i\000f\000f\000e\000r\000e\000n\000c\000e\000s\000\040\000i\000n\000\040\000O\000v\000e\000r\000e\000s\000t\000i\000m\000a\000t\000o\000r\000s\000\040\000a\000n\000d\000\040\000U\000n\000d\000e\000r\000e\000s\000t\000i\000m\000a\000t\000o\000r\000s}{appendix.F}% 19
\BOOKMARK [2][-]{subsection.F.3}{\376\377\000P\000o\000l\000i\000t\000i\000c\000a\000l\000l\000y\000\040\000M\000i\000s\000m\000a\000t\000c\000h\000e\000d\000\040\000P\000a\000r\000t\000i\000c\000i\000p\000a\000n\000t\000s\000\040\000E\000x\000c\000l\000u\000d\000e\000d}{appendix.F}% 20
\BOOKMARK [2][-]{subsection.F.4}{\376\377\000R\000e\000p\000e\000a\000t\000\040\000P\000a\000r\000t\000i\000c\000i\000p\000a\000n\000t\000s\000\040\000a\000n\000d\000\040\000G\000r\000o\000u\000p\000s\000\040\000E\000x\000c\000l\000u\000d\000e\000d}{appendix.F}% 21
\BOOKMARK [2][-]{subsection.F.5}{\376\377\000M\000a\000n\000i\000p\000u\000l\000a\000t\000i\000o\000n\000\040\000C\000h\000e\000c\000k}{appendix.F}% 22
\BOOKMARK [1][-]{appendix.G}{\376\377\000S\000t\000u\000d\000y\000\040\0002\000\040\000E\000x\000p\000l\000o\000r\000a\000t\000o\000r\000y\000\040\000A\000n\000a\000l\000y\000s\000e\000s}{}% 23
\BOOKMARK [2][-]{subsection.G.1}{\376\377\000P\000o\000l\000i\000t\000i\000c\000a\000l\000\040\000I\000d\000e\000o\000l\000o\000g\000y\000\040\000a\000n\000d\000\040\000E\000x\000t\000r\000e\000m\000i\000t\000y}{appendix.G}% 24
\BOOKMARK [2][-]{subsection.G.2}{\376\377\000P\000a\000r\000t\000i\000s\000a\000n\000\040\000D\000i\000f\000f\000e\000r\000e\000n\000c\000e\000s}{appendix.G}% 25
